CRITICAL - 2025-03-16 05:29:56 --> Class 'App\Controllers\TransaksiModel' not found
#0 G:\My Drive\Program Web\Restoran2\system\CodeIgniter.php(832): App\Controllers\Home->checkout()
#1 G:\My Drive\Program Web\Restoran2\system\CodeIgniter.php(419): CodeIgniter\CodeIgniter->runController(Object(App\Controllers\Home))
#2 G:\My Drive\Program Web\Restoran2\system\CodeIgniter.php(326): CodeIgniter\CodeIgniter->handleRequest(NULL, Object(Config\Cache), false)
#3 G:\My Drive\Program Web\Restoran2\public\index.php(37): CodeIgniter\CodeIgniter->run()
#4 G:\My Drive\Program Web\Restoran2\system\Commands\Server\rewrite.php(43): require_once('G:\\My Drive\\Pro...')
#5 {main}
ERROR - 2025-03-16 05:30:24 --> Table 'kasir_resto.transaksi_detial' doesn't exist
ERROR - 2025-03-16 05:30:24 --> Table 'kasir_resto.transaksi_detial' doesn't exist
ERROR - 2025-03-16 05:30:24 --> Table 'kasir_resto.transaksi_detial' doesn't exist
ERROR - 2025-03-16 05:38:16 --> Duplicate entry '1' for key 'id_user'
ERROR - 2025-03-16 05:38:16 --> Table 'kasir_resto.transaksi_detial' doesn't exist
ERROR - 2025-03-16 05:39:53 --> Duplicate entry '1' for key 'id_user'
ERROR - 2025-03-16 05:39:54 --> Table 'kasir_resto.transaksi_detial' doesn't exist
ERROR - 2025-03-16 05:39:54 --> Table 'kasir_resto.transaksi_detial' doesn't exist
ERROR - 2025-03-16 05:48:52 --> Duplicate entry '1' for key 'id_user'
ERROR - 2025-03-16 05:48:52 --> Table 'kasir_resto.transaksi_detial' doesn't exist
ERROR - 2025-03-16 05:48:52 --> Table 'kasir_resto.transaksi_detial' doesn't exist
ERROR - 2025-03-16 05:55:55 --> Duplicate entry '1' for key 'id_user'
ERROR - 2025-03-16 05:55:55 --> Table 'kasir_resto.transaksi_detial' doesn't exist
ERROR - 2025-03-16 06:00:06 --> Duplicate entry '1' for key 'id_user'
ERROR - 2025-03-16 06:00:06 --> Table 'kasir_resto.transaksi_detial' doesn't exist
ERROR - 2025-03-16 09:08:31 --> Unknown column 'keranjang.jumlah*' in 'field list'
CRITICAL - 2025-03-16 09:08:31 --> Call to a member function getResult() on bool
#0 G:\My Drive\Program Web\Restoran2\system\BaseModel.php(584): CodeIgniter\Model->doFindAll(0, 0)
#1 G:\My Drive\Program Web\Restoran2\app\Models\CartModel.php(45): CodeIgniter\BaseModel->findAll()
#2 G:\My Drive\Program Web\Restoran2\app\Controllers\Home.php(304): App\Models\CartModel->getCartByUser('1')
#3 G:\My Drive\Program Web\Restoran2\system\CodeIgniter.php(832): App\Controllers\Home->viewCart()
#4 G:\My Drive\Program Web\Restoran2\system\CodeIgniter.php(419): CodeIgniter\CodeIgniter->runController(Object(App\Controllers\Home))
#5 G:\My Drive\Program Web\Restoran2\system\CodeIgniter.php(326): CodeIgniter\CodeIgniter->handleRequest(NULL, Object(Config\Cache), false)
#6 G:\My Drive\Program Web\Restoran2\public\index.php(37): CodeIgniter\CodeIgniter->run()
#7 G:\My Drive\Program Web\Restoran2\system\Commands\Server\rewrite.php(43): require_once('G:\\My Drive\\Pro...')
#8 {main}
ERROR - 2025-03-16 09:08:54 --> Table 'kasir_resto.transaksi_detial' doesn't exist
ERROR - 2025-03-16 09:27:08 --> Table 'kasir_resto.transaksi_detial' doesn't exist
ERROR - 2025-03-16 09:27:08 --> Table 'kasir_resto.transaksi_detial' doesn't exist
ERROR - 2025-03-16 09:45:15 --> Column 'bukti_pembayaran' cannot be null
ERROR - 2025-03-16 09:45:15 --> Table 'kasir_resto.transaksi_detial' doesn't exist
ERROR - 2025-03-16 09:47:06 --> Column 'bukti_pembayaran' cannot be null
ERROR - 2025-03-16 09:47:06 --> Table 'kasir_resto.transaksi_detial' doesn't exist
ERROR - 2025-03-16 09:49:21 --> Table 'kasir_resto.transaksi_detial' doesn't exist
ERROR - 2025-03-16 10:12:59 --> Table 'kasir_resto.transaksi_detial' doesn't exist
