ERROR - 2025-03-22 06:07:22 --> Session id_user is missing.
CRITICAL - 2025-03-22 08:28:47 --> Parent table not found for table cell
#0 G:\My Drive\Program Web\Restoran2\vendor\dompdf\dompdf\src\FrameDecorator\AbstractFrameDecorator.php(905): Dompdf\FrameReflower\TableCell->reflow(Object(Dompdf\FrameDecorator\Block))
#1 G:\My Drive\Program Web\Restoran2\vendor\dompdf\dompdf\src\FrameReflower\Block.php(865): Dompdf\FrameDecorator\AbstractFrameDecorator->reflow(Object(Dompdf\FrameDecorator\Block))
#2 G:\My Drive\Program Web\Restoran2\vendor\dompdf\dompdf\src\FrameDecorator\AbstractFrameDecorator.php(905): Dompdf\FrameReflower\Block->reflow(Object(Dompdf\FrameDecorator\Block))
#3 G:\My Drive\Program Web\Restoran2\vendor\dompdf\dompdf\src\FrameReflower\Block.php(865): Dompdf\FrameDecorator\AbstractFrameDecorator->reflow(Object(Dompdf\FrameDecorator\Block))
#4 G:\My Drive\Program Web\Restoran2\vendor\dompdf\dompdf\src\FrameDecorator\AbstractFrameDecorator.php(905): Dompdf\FrameReflower\Block->reflow(Object(Dompdf\FrameDecorator\Block))
#5 G:\My Drive\Program Web\Restoran2\vendor\dompdf\dompdf\src\FrameReflower\Block.php(865): Dompdf\FrameDecorator\AbstractFrameDecorator->reflow(Object(Dompdf\FrameDecorator\Block))
#6 G:\My Drive\Program Web\Restoran2\vendor\dompdf\dompdf\src\FrameDecorator\AbstractFrameDecorator.php(905): Dompdf\FrameReflower\Block->reflow(NULL)
#7 G:\My Drive\Program Web\Restoran2\vendor\dompdf\dompdf\src\FrameReflower\Page.php(142): Dompdf\FrameDecorator\AbstractFrameDecorator->reflow()
#8 G:\My Drive\Program Web\Restoran2\vendor\dompdf\dompdf\src\FrameDecorator\AbstractFrameDecorator.php(905): Dompdf\FrameReflower\Page->reflow(NULL)
#9 G:\My Drive\Program Web\Restoran2\vendor\dompdf\dompdf\src\Dompdf.php(808): Dompdf\FrameDecorator\AbstractFrameDecorator->reflow()
#10 G:\My Drive\Program Web\Restoran2\app\Controllers\Home.php(607): Dompdf\Dompdf->render()
#11 G:\My Drive\Program Web\Restoran2\system\CodeIgniter.php(832): App\Controllers\Home->cetakBukti('17')
#12 G:\My Drive\Program Web\Restoran2\system\CodeIgniter.php(419): CodeIgniter\CodeIgniter->runController(Object(App\Controllers\Home))
#13 G:\My Drive\Program Web\Restoran2\system\CodeIgniter.php(326): CodeIgniter\CodeIgniter->handleRequest(NULL, Object(Config\Cache), false)
#14 G:\My Drive\Program Web\Restoran2\public\index.php(36): CodeIgniter\CodeIgniter->run()
#15 G:\My Drive\Program Web\Restoran2\system\Commands\Server\rewrite.php(43): require_once('G:\\My Drive\\Pro...')
#16 {main}
CRITICAL - 2025-03-22 08:29:01 --> Allowed memory size of 536870912 bytes exhausted (tried to allocate 262148096 bytes)
#0 [internal function]: CodeIgniter\Debug\Exceptions->shutdownHandler()
#1 {main}
CRITICAL - 2025-03-22 08:29:09 --> Parent table not found for table cell
#0 G:\My Drive\Program Web\Restoran2\vendor\dompdf\dompdf\src\FrameDecorator\AbstractFrameDecorator.php(905): Dompdf\FrameReflower\TableCell->reflow(Object(Dompdf\FrameDecorator\Block))
#1 G:\My Drive\Program Web\Restoran2\vendor\dompdf\dompdf\src\FrameReflower\Block.php(865): Dompdf\FrameDecorator\AbstractFrameDecorator->reflow(Object(Dompdf\FrameDecorator\Block))
#2 G:\My Drive\Program Web\Restoran2\vendor\dompdf\dompdf\src\FrameDecorator\AbstractFrameDecorator.php(905): Dompdf\FrameReflower\Block->reflow(Object(Dompdf\FrameDecorator\Block))
#3 G:\My Drive\Program Web\Restoran2\vendor\dompdf\dompdf\src\FrameReflower\Block.php(865): Dompdf\FrameDecorator\AbstractFrameDecorator->reflow(Object(Dompdf\FrameDecorator\Block))
#4 G:\My Drive\Program Web\Restoran2\vendor\dompdf\dompdf\src\FrameDecorator\AbstractFrameDecorator.php(905): Dompdf\FrameReflower\Block->reflow(Object(Dompdf\FrameDecorator\Block))
#5 G:\My Drive\Program Web\Restoran2\vendor\dompdf\dompdf\src\FrameReflower\Block.php(865): Dompdf\FrameDecorator\AbstractFrameDecorator->reflow(Object(Dompdf\FrameDecorator\Block))
#6 G:\My Drive\Program Web\Restoran2\vendor\dompdf\dompdf\src\FrameDecorator\AbstractFrameDecorator.php(905): Dompdf\FrameReflower\Block->reflow(NULL)
#7 G:\My Drive\Program Web\Restoran2\vendor\dompdf\dompdf\src\FrameReflower\Page.php(142): Dompdf\FrameDecorator\AbstractFrameDecorator->reflow()
#8 G:\My Drive\Program Web\Restoran2\vendor\dompdf\dompdf\src\FrameDecorator\AbstractFrameDecorator.php(905): Dompdf\FrameReflower\Page->reflow(NULL)
#9 G:\My Drive\Program Web\Restoran2\vendor\dompdf\dompdf\src\Dompdf.php(808): Dompdf\FrameDecorator\AbstractFrameDecorator->reflow()
#10 G:\My Drive\Program Web\Restoran2\app\Controllers\Home.php(607): Dompdf\Dompdf->render()
#11 G:\My Drive\Program Web\Restoran2\system\CodeIgniter.php(832): App\Controllers\Home->cetakBukti('17')
#12 G:\My Drive\Program Web\Restoran2\system\CodeIgniter.php(419): CodeIgniter\CodeIgniter->runController(Object(App\Controllers\Home))
#13 G:\My Drive\Program Web\Restoran2\system\CodeIgniter.php(326): CodeIgniter\CodeIgniter->handleRequest(NULL, Object(Config\Cache), false)
#14 G:\My Drive\Program Web\Restoran2\public\index.php(36): CodeIgniter\CodeIgniter->run()
#15 G:\My Drive\Program Web\Restoran2\system\Commands\Server\rewrite.php(43): require_once('G:\\My Drive\\Pro...')
#16 {main}
CRITICAL - 2025-03-22 08:29:21 --> Allowed memory size of 536870912 bytes exhausted (tried to allocate 266342400 bytes)
#0 [internal function]: CodeIgniter\Debug\Exceptions->shutdownHandler()
#1 {main}
CRITICAL - 2025-03-22 08:29:26 --> Parent table not found for table cell
#0 G:\My Drive\Program Web\Restoran2\vendor\dompdf\dompdf\src\FrameDecorator\AbstractFrameDecorator.php(905): Dompdf\FrameReflower\TableCell->reflow(Object(Dompdf\FrameDecorator\Block))
#1 G:\My Drive\Program Web\Restoran2\vendor\dompdf\dompdf\src\FrameReflower\Block.php(865): Dompdf\FrameDecorator\AbstractFrameDecorator->reflow(Object(Dompdf\FrameDecorator\Block))
#2 G:\My Drive\Program Web\Restoran2\vendor\dompdf\dompdf\src\FrameDecorator\AbstractFrameDecorator.php(905): Dompdf\FrameReflower\Block->reflow(Object(Dompdf\FrameDecorator\Block))
#3 G:\My Drive\Program Web\Restoran2\vendor\dompdf\dompdf\src\FrameReflower\Block.php(865): Dompdf\FrameDecorator\AbstractFrameDecorator->reflow(Object(Dompdf\FrameDecorator\Block))
#4 G:\My Drive\Program Web\Restoran2\vendor\dompdf\dompdf\src\FrameDecorator\AbstractFrameDecorator.php(905): Dompdf\FrameReflower\Block->reflow(Object(Dompdf\FrameDecorator\Block))
#5 G:\My Drive\Program Web\Restoran2\vendor\dompdf\dompdf\src\FrameReflower\Block.php(865): Dompdf\FrameDecorator\AbstractFrameDecorator->reflow(Object(Dompdf\FrameDecorator\Block))
#6 G:\My Drive\Program Web\Restoran2\vendor\dompdf\dompdf\src\FrameDecorator\AbstractFrameDecorator.php(905): Dompdf\FrameReflower\Block->reflow(NULL)
#7 G:\My Drive\Program Web\Restoran2\vendor\dompdf\dompdf\src\FrameReflower\Page.php(142): Dompdf\FrameDecorator\AbstractFrameDecorator->reflow()
#8 G:\My Drive\Program Web\Restoran2\vendor\dompdf\dompdf\src\FrameDecorator\AbstractFrameDecorator.php(905): Dompdf\FrameReflower\Page->reflow(NULL)
#9 G:\My Drive\Program Web\Restoran2\vendor\dompdf\dompdf\src\Dompdf.php(808): Dompdf\FrameDecorator\AbstractFrameDecorator->reflow()
#10 G:\My Drive\Program Web\Restoran2\app\Controllers\Home.php(607): Dompdf\Dompdf->render()
#11 G:\My Drive\Program Web\Restoran2\system\CodeIgniter.php(832): App\Controllers\Home->cetakBukti('11')
#12 G:\My Drive\Program Web\Restoran2\system\CodeIgniter.php(419): CodeIgniter\CodeIgniter->runController(Object(App\Controllers\Home))
#13 G:\My Drive\Program Web\Restoran2\system\CodeIgniter.php(326): CodeIgniter\CodeIgniter->handleRequest(NULL, Object(Config\Cache), false)
#14 G:\My Drive\Program Web\Restoran2\public\index.php(36): CodeIgniter\CodeIgniter->run()
#15 G:\My Drive\Program Web\Restoran2\system\Commands\Server\rewrite.php(43): require_once('G:\\My Drive\\Pro...')
#16 {main}
CRITICAL - 2025-03-22 08:29:39 --> Allowed memory size of 536870912 bytes exhausted (tried to allocate 266342400 bytes)
#0 [internal function]: CodeIgniter\Debug\Exceptions->shutdownHandler()
#1 {main}
CRITICAL - 2025-03-22 08:30:21 --> Parent table not found for table cell
#0 G:\My Drive\Program Web\Restoran2\vendor\dompdf\dompdf\src\FrameDecorator\AbstractFrameDecorator.php(905): Dompdf\FrameReflower\TableCell->reflow(Object(Dompdf\FrameDecorator\Block))
#1 G:\My Drive\Program Web\Restoran2\vendor\dompdf\dompdf\src\FrameReflower\Block.php(865): Dompdf\FrameDecorator\AbstractFrameDecorator->reflow(Object(Dompdf\FrameDecorator\Block))
#2 G:\My Drive\Program Web\Restoran2\vendor\dompdf\dompdf\src\FrameDecorator\AbstractFrameDecorator.php(905): Dompdf\FrameReflower\Block->reflow(Object(Dompdf\FrameDecorator\Block))
#3 G:\My Drive\Program Web\Restoran2\vendor\dompdf\dompdf\src\FrameReflower\Block.php(865): Dompdf\FrameDecorator\AbstractFrameDecorator->reflow(Object(Dompdf\FrameDecorator\Block))
#4 G:\My Drive\Program Web\Restoran2\vendor\dompdf\dompdf\src\FrameDecorator\AbstractFrameDecorator.php(905): Dompdf\FrameReflower\Block->reflow(Object(Dompdf\FrameDecorator\Block))
#5 G:\My Drive\Program Web\Restoran2\vendor\dompdf\dompdf\src\FrameReflower\Block.php(865): Dompdf\FrameDecorator\AbstractFrameDecorator->reflow(Object(Dompdf\FrameDecorator\Block))
#6 G:\My Drive\Program Web\Restoran2\vendor\dompdf\dompdf\src\FrameDecorator\AbstractFrameDecorator.php(905): Dompdf\FrameReflower\Block->reflow(NULL)
#7 G:\My Drive\Program Web\Restoran2\vendor\dompdf\dompdf\src\FrameReflower\Page.php(142): Dompdf\FrameDecorator\AbstractFrameDecorator->reflow()
#8 G:\My Drive\Program Web\Restoran2\vendor\dompdf\dompdf\src\FrameDecorator\AbstractFrameDecorator.php(905): Dompdf\FrameReflower\Page->reflow(NULL)
#9 G:\My Drive\Program Web\Restoran2\vendor\dompdf\dompdf\src\Dompdf.php(808): Dompdf\FrameDecorator\AbstractFrameDecorator->reflow()
#10 G:\My Drive\Program Web\Restoran2\app\Controllers\Home.php(607): Dompdf\Dompdf->render()
#11 G:\My Drive\Program Web\Restoran2\system\CodeIgniter.php(832): App\Controllers\Home->cetakBukti('17')
#12 G:\My Drive\Program Web\Restoran2\system\CodeIgniter.php(419): CodeIgniter\CodeIgniter->runController(Object(App\Controllers\Home))
#13 G:\My Drive\Program Web\Restoran2\system\CodeIgniter.php(326): CodeIgniter\CodeIgniter->handleRequest(NULL, Object(Config\Cache), false)
#14 G:\My Drive\Program Web\Restoran2\public\index.php(36): CodeIgniter\CodeIgniter->run()
#15 G:\My Drive\Program Web\Restoran2\system\Commands\Server\rewrite.php(43): require_once('G:\\My Drive\\Pro...')
#16 {main}
CRITICAL - 2025-03-22 08:30:34 --> Allowed memory size of 536870912 bytes exhausted (tried to allocate 262148096 bytes)
#0 [internal function]: CodeIgniter\Debug\Exceptions->shutdownHandler()
#1 {main}
