CRITICAL - 2025-03-12 11:40:07 --> syntax error, unexpected end of file, expecting function (T_FUNCTION) or const (T_CONST)
#0 G:\My Drive\Program Web\Restoran2\system\Router\Router.php(175): CodeIgniter\Router\Router->autoRoute('home/usr')
#1 G:\My Drive\Program Web\Restoran2\system\CodeIgniter.php(726): CodeIgniter\Router\Router->handle('home/usr')
#2 G:\My Drive\Program Web\Restoran2\system\CodeIgniter.php(368): CodeIgniter\CodeIgniter->tryToRouteIt(Object(CodeIgniter\Router\RouteCollection))
#3 G:\My Drive\Program Web\Restoran2\system\CodeIgniter.php(326): CodeIgniter\CodeIgniter->handleRequest(NULL, Object(Config\Cache), false)
#4 G:\My Drive\Program Web\Restoran2\public\index.php(37): CodeIgniter\CodeIgniter->run()
#5 G:\My Drive\Program Web\Restoran2\system\Commands\Server\rewrite.php(43): require_once('G:\\My Drive\\Pro...')
#6 {main}
CRITICAL - 2025-03-12 11:40:10 --> syntax error, unexpected end of file, expecting function (T_FUNCTION) or const (T_CONST)
#0 G:\My Drive\Program Web\Restoran2\system\Router\Router.php(175): CodeIgniter\Router\Router->autoRoute('home/usr')
#1 G:\My Drive\Program Web\Restoran2\system\CodeIgniter.php(726): CodeIgniter\Router\Router->handle('home/usr')
#2 G:\My Drive\Program Web\Restoran2\system\CodeIgniter.php(368): CodeIgniter\CodeIgniter->tryToRouteIt(Object(CodeIgniter\Router\RouteCollection))
#3 G:\My Drive\Program Web\Restoran2\system\CodeIgniter.php(326): CodeIgniter\CodeIgniter->handleRequest(NULL, Object(Config\Cache), false)
#4 G:\My Drive\Program Web\Restoran2\public\index.php(37): CodeIgniter\CodeIgniter->run()
#5 G:\My Drive\Program Web\Restoran2\system\Commands\Server\rewrite.php(43): require_once('G:\\My Drive\\Pro...')
#6 {main}
CRITICAL - 2025-03-12 11:43:54 --> Call to undefined function App\Controllers\log_activity()
#0 G:\My Drive\Program Web\Restoran2\system\CodeIgniter.php(832): App\Controllers\Home->aksi_login()
#1 G:\My Drive\Program Web\Restoran2\system\CodeIgniter.php(419): CodeIgniter\CodeIgniter->runController(Object(App\Controllers\Home))
#2 G:\My Drive\Program Web\Restoran2\system\CodeIgniter.php(326): CodeIgniter\CodeIgniter->handleRequest(NULL, Object(Config\Cache), false)
#3 G:\My Drive\Program Web\Restoran2\public\index.php(37): CodeIgniter\CodeIgniter->run()
#4 G:\My Drive\Program Web\Restoran2\system\Commands\Server\rewrite.php(43): require_once('G:\\My Drive\\Pro...')
#5 {main}
CRITICAL - 2025-03-12 11:45:39 --> Call to undefined function App\Controllers\log_activity()
#0 G:\My Drive\Program Web\Restoran2\system\CodeIgniter.php(832): App\Controllers\Home->aksi_login()
#1 G:\My Drive\Program Web\Restoran2\system\CodeIgniter.php(419): CodeIgniter\CodeIgniter->runController(Object(App\Controllers\Home))
#2 G:\My Drive\Program Web\Restoran2\system\CodeIgniter.php(326): CodeIgniter\CodeIgniter->handleRequest(NULL, Object(Config\Cache), false)
#3 G:\My Drive\Program Web\Restoran2\public\index.php(37): CodeIgniter\CodeIgniter->run()
#4 G:\My Drive\Program Web\Restoran2\system\Commands\Server\rewrite.php(43): require_once('G:\\My Drive\\Pro...')
#5 {main}
CRITICAL - 2025-03-12 11:55:28 --> Class 'App\Controllers\MenuModel' not found
#0 G:\My Drive\Program Web\Restoran2\system\CodeIgniter.php(832): App\Controllers\Home->menu()
#1 G:\My Drive\Program Web\Restoran2\system\CodeIgniter.php(419): CodeIgniter\CodeIgniter->runController(Object(App\Controllers\Home))
#2 G:\My Drive\Program Web\Restoran2\system\CodeIgniter.php(326): CodeIgniter\CodeIgniter->handleRequest(NULL, Object(Config\Cache), false)
#3 G:\My Drive\Program Web\Restoran2\public\index.php(37): CodeIgniter\CodeIgniter->run()
#4 G:\My Drive\Program Web\Restoran2\system\Commands\Server\rewrite.php(43): require_once('G:\\My Drive\\Pro...')
#5 {main}
CRITICAL - 2025-03-12 11:55:47 --> Invalid file: menu_view.php
#0 G:\My Drive\Program Web\Restoran2\system\View\View.php(198): CodeIgniter\Exceptions\FrameworkException::forInvalidFile('menu_view.php')
#1 G:\My Drive\Program Web\Restoran2\system\Common.php(1089): CodeIgniter\View\View->render('menu_view', Array, true)
#2 G:\My Drive\Program Web\Restoran2\app\Controllers\Home.php(93): view('menu_view', Array)
#3 G:\My Drive\Program Web\Restoran2\system\CodeIgniter.php(832): App\Controllers\Home->menu()
#4 G:\My Drive\Program Web\Restoran2\system\CodeIgniter.php(419): CodeIgniter\CodeIgniter->runController(Object(App\Controllers\Home))
#5 G:\My Drive\Program Web\Restoran2\system\CodeIgniter.php(326): CodeIgniter\CodeIgniter->handleRequest(NULL, Object(Config\Cache), false)
#6 G:\My Drive\Program Web\Restoran2\public\index.php(37): CodeIgniter\CodeIgniter->run()
#7 G:\My Drive\Program Web\Restoran2\system\Commands\Server\rewrite.php(43): require_once('G:\\My Drive\\Pro...')
#8 {main}
CRITICAL - 2025-03-12 12:23:34 --> Class 'App\Controllers\CartModel' not found
#0 G:\My Drive\Program Web\Restoran2\system\CodeIgniter.php(832): App\Controllers\Home->getCart()
#1 G:\My Drive\Program Web\Restoran2\system\CodeIgniter.php(419): CodeIgniter\CodeIgniter->runController(Object(App\Controllers\Home))
#2 G:\My Drive\Program Web\Restoran2\system\CodeIgniter.php(326): CodeIgniter\CodeIgniter->handleRequest(NULL, Object(Config\Cache), false)
#3 G:\My Drive\Program Web\Restoran2\public\index.php(37): CodeIgniter\CodeIgniter->run()
#4 G:\My Drive\Program Web\Restoran2\system\Commands\Server\rewrite.php(43): require_once('G:\\My Drive\\Pro...')
#5 {main}
CRITICAL - 2025-03-12 12:24:13 --> Class 'App\Controllers\CartModel' not found
#0 G:\My Drive\Program Web\Restoran2\system\CodeIgniter.php(832): App\Controllers\Home->getCart()
#1 G:\My Drive\Program Web\Restoran2\system\CodeIgniter.php(419): CodeIgniter\CodeIgniter->runController(Object(App\Controllers\Home))
#2 G:\My Drive\Program Web\Restoran2\system\CodeIgniter.php(326): CodeIgniter\CodeIgniter->handleRequest(NULL, Object(Config\Cache), false)
#3 G:\My Drive\Program Web\Restoran2\public\index.php(37): CodeIgniter\CodeIgniter->run()
#4 G:\My Drive\Program Web\Restoran2\system\Commands\Server\rewrite.php(43): require_once('G:\\My Drive\\Pro...')
#5 {main}
CRITICAL - 2025-03-12 12:24:23 --> Class 'App\Controllers\CartModel' not found
#0 G:\My Drive\Program Web\Restoran2\system\CodeIgniter.php(832): App\Controllers\Home->getCart()
#1 G:\My Drive\Program Web\Restoran2\system\CodeIgniter.php(419): CodeIgniter\CodeIgniter->runController(Object(App\Controllers\Home))
#2 G:\My Drive\Program Web\Restoran2\system\CodeIgniter.php(326): CodeIgniter\CodeIgniter->handleRequest(NULL, Object(Config\Cache), false)
#3 G:\My Drive\Program Web\Restoran2\public\index.php(37): CodeIgniter\CodeIgniter->run()
#4 G:\My Drive\Program Web\Restoran2\system\Commands\Server\rewrite.php(43): require_once('G:\\My Drive\\Pro...')
#5 {main}
CRITICAL - 2025-03-12 12:24:33 --> Class 'App\Controllers\CartModel' not found
#0 G:\My Drive\Program Web\Restoran2\system\CodeIgniter.php(832): App\Controllers\Home->getCart()
#1 G:\My Drive\Program Web\Restoran2\system\CodeIgniter.php(419): CodeIgniter\CodeIgniter->runController(Object(App\Controllers\Home))
#2 G:\My Drive\Program Web\Restoran2\system\CodeIgniter.php(326): CodeIgniter\CodeIgniter->handleRequest(NULL, Object(Config\Cache), false)
#3 G:\My Drive\Program Web\Restoran2\public\index.php(37): CodeIgniter\CodeIgniter->run()
#4 G:\My Drive\Program Web\Restoran2\system\Commands\Server\rewrite.php(43): require_once('G:\\My Drive\\Pro...')
#5 {main}
CRITICAL - 2025-03-12 12:24:35 --> Class 'App\Controllers\CartModel' not found
#0 G:\My Drive\Program Web\Restoran2\system\CodeIgniter.php(832): App\Controllers\Home->addToCart('1')
#1 G:\My Drive\Program Web\Restoran2\system\CodeIgniter.php(419): CodeIgniter\CodeIgniter->runController(Object(App\Controllers\Home))
#2 G:\My Drive\Program Web\Restoran2\system\CodeIgniter.php(326): CodeIgniter\CodeIgniter->handleRequest(NULL, Object(Config\Cache), false)
#3 G:\My Drive\Program Web\Restoran2\public\index.php(37): CodeIgniter\CodeIgniter->run()
#4 G:\My Drive\Program Web\Restoran2\system\Commands\Server\rewrite.php(43): require_once('G:\\My Drive\\Pro...')
#5 {main}
CRITICAL - 2025-03-12 12:24:54 --> Invalid file: cart.php
#0 G:\My Drive\Program Web\Restoran2\system\View\View.php(198): CodeIgniter\Exceptions\FrameworkException::forInvalidFile('cart.php')
#1 G:\My Drive\Program Web\Restoran2\system\Common.php(1089): CodeIgniter\View\View->render('cart.php', Array, true)
#2 G:\My Drive\Program Web\Restoran2\app\Controllers\Home.php(35): view('cart.php')
#3 G:\My Drive\Program Web\Restoran2\system\CodeIgniter.php(832): App\Controllers\Home->cart()
#4 G:\My Drive\Program Web\Restoran2\system\CodeIgniter.php(419): CodeIgniter\CodeIgniter->runController(Object(App\Controllers\Home))
#5 G:\My Drive\Program Web\Restoran2\system\CodeIgniter.php(326): CodeIgniter\CodeIgniter->handleRequest(NULL, Object(Config\Cache), false)
#6 G:\My Drive\Program Web\Restoran2\public\index.php(37): CodeIgniter\CodeIgniter->run()
#7 G:\My Drive\Program Web\Restoran2\system\Commands\Server\rewrite.php(43): require_once('G:\\My Drive\\Pro...')
#8 {main}
CRITICAL - 2025-03-12 12:25:13 --> Invalid file: cart.php
#0 G:\My Drive\Program Web\Restoran2\system\View\View.php(198): CodeIgniter\Exceptions\FrameworkException::forInvalidFile('cart.php')
#1 G:\My Drive\Program Web\Restoran2\system\Common.php(1089): CodeIgniter\View\View->render('cart.php', Array, true)
#2 G:\My Drive\Program Web\Restoran2\app\Controllers\Home.php(35): view('cart.php')
#3 G:\My Drive\Program Web\Restoran2\system\CodeIgniter.php(832): App\Controllers\Home->cart()
#4 G:\My Drive\Program Web\Restoran2\system\CodeIgniter.php(419): CodeIgniter\CodeIgniter->runController(Object(App\Controllers\Home))
#5 G:\My Drive\Program Web\Restoran2\system\CodeIgniter.php(326): CodeIgniter\CodeIgniter->handleRequest(NULL, Object(Config\Cache), false)
#6 G:\My Drive\Program Web\Restoran2\public\index.php(37): CodeIgniter\CodeIgniter->run()
#7 G:\My Drive\Program Web\Restoran2\system\Commands\Server\rewrite.php(43): require_once('G:\\My Drive\\Pro...')
#8 {main}
CRITICAL - 2025-03-12 12:28:08 --> syntax error, unexpected '}', expecting end of file
#0 G:\My Drive\Program Web\Restoran2\system\Router\Router.php(175): CodeIgniter\Router\Router->autoRoute('home/menu')
#1 G:\My Drive\Program Web\Restoran2\system\CodeIgniter.php(726): CodeIgniter\Router\Router->handle('home/menu')
#2 G:\My Drive\Program Web\Restoran2\system\CodeIgniter.php(368): CodeIgniter\CodeIgniter->tryToRouteIt(Object(CodeIgniter\Router\RouteCollection))
#3 G:\My Drive\Program Web\Restoran2\system\CodeIgniter.php(326): CodeIgniter\CodeIgniter->handleRequest(NULL, Object(Config\Cache), false)
#4 G:\My Drive\Program Web\Restoran2\public\index.php(37): CodeIgniter\CodeIgniter->run()
#5 G:\My Drive\Program Web\Restoran2\system\Commands\Server\rewrite.php(43): require_once('G:\\My Drive\\Pro...')
#6 {main}
CRITICAL - 2025-03-12 12:28:21 --> syntax error, unexpected '}', expecting end of file
#0 G:\My Drive\Program Web\Restoran2\system\Router\Router.php(175): CodeIgniter\Router\Router->autoRoute('home/menu')
#1 G:\My Drive\Program Web\Restoran2\system\CodeIgniter.php(726): CodeIgniter\Router\Router->handle('home/menu')
#2 G:\My Drive\Program Web\Restoran2\system\CodeIgniter.php(368): CodeIgniter\CodeIgniter->tryToRouteIt(Object(CodeIgniter\Router\RouteCollection))
#3 G:\My Drive\Program Web\Restoran2\system\CodeIgniter.php(326): CodeIgniter\CodeIgniter->handleRequest(NULL, Object(Config\Cache), false)
#4 G:\My Drive\Program Web\Restoran2\public\index.php(37): CodeIgniter\CodeIgniter->run()
#5 G:\My Drive\Program Web\Restoran2\system\Commands\Server\rewrite.php(43): require_once('G:\\My Drive\\Pro...')
#6 {main}
CRITICAL - 2025-03-12 12:28:49 --> Invalid file: cart.php
#0 G:\My Drive\Program Web\Restoran2\system\View\View.php(198): CodeIgniter\Exceptions\FrameworkException::forInvalidFile('cart.php')
#1 G:\My Drive\Program Web\Restoran2\system\Common.php(1089): CodeIgniter\View\View->render('cart.php', Array, true)
#2 G:\My Drive\Program Web\Restoran2\app\Controllers\Home.php(35): view('cart.php')
#3 G:\My Drive\Program Web\Restoran2\system\CodeIgniter.php(832): App\Controllers\Home->cart()
#4 G:\My Drive\Program Web\Restoran2\system\CodeIgniter.php(419): CodeIgniter\CodeIgniter->runController(Object(App\Controllers\Home))
#5 G:\My Drive\Program Web\Restoran2\system\CodeIgniter.php(326): CodeIgniter\CodeIgniter->handleRequest(NULL, Object(Config\Cache), false)
#6 G:\My Drive\Program Web\Restoran2\public\index.php(37): CodeIgniter\CodeIgniter->run()
#7 G:\My Drive\Program Web\Restoran2\system\Commands\Server\rewrite.php(43): require_once('G:\\My Drive\\Pro...')
#8 {main}
